#!/bin/sh

  RPM_SOURCE_DIR="/home/raul/rpmbuild/SOURCES"
  RPM_BUILD_DIR="/home/raul/rpmbuild/BUILD"
  RPM_OPT_FLAGS="-O2 -g -pipe -Wall -Wp,-D_FORTIFY_SOURCE=2 -fexceptions -fstack-protector-strong --param=ssp-buffer-size=4 -grecord-gcc-switches   -m64 -mtune=generic"
  RPM_LD_FLAGS="-Wl,-z,relro "
  RPM_ARCH="x86_64"
  RPM_OS="linux"
  export RPM_SOURCE_DIR RPM_BUILD_DIR RPM_OPT_FLAGS RPM_LD_FLAGS RPM_ARCH RPM_OS
  RPM_DOC_DIR="/usr/share/doc"
  export RPM_DOC_DIR
  RPM_PACKAGE_NAME="cifs-kmod"
  RPM_PACKAGE_VERSION="1.45"
  RPM_PACKAGE_RELEASE="1.el7"
  export RPM_PACKAGE_NAME RPM_PACKAGE_VERSION RPM_PACKAGE_RELEASE
  LANG=C
  export LANG
  unset CDPATH DISPLAY ||:
  RPM_BUILD_ROOT="/home/raul/rpmbuild/BUILDROOT/cifs-kmod-1.45-1.el7.x86_64"
  export RPM_BUILD_ROOT
  
  PKG_CONFIG_PATH="${PKG_CONFIG_PATH}:/usr/lib64/pkgconfig:/usr/share/pkgconfig"
  export PKG_CONFIG_PATH
  
  set -x
  umask 022
  cd "/home/raul/rpmbuild/BUILD"
cd '/home/raul/rpmbuild/BUILD'
rm -rf 'cifs-kmod-1.45'
/usr/bin/mkdir -p cifs-kmod-1.45
cd 'cifs-kmod-1.45'
/usr/bin/bzip2 -dc '/home/raul/rpmbuild/SOURCES/cifs-1.45.tar.bz2' | /usr/bin/tar -xf - 
STATUS=$?
if [ $STATUS -ne 0 ]; then
  exit $STATUS
fi
/usr/bin/chmod -Rf a+rX,u+w,g-w,o-w .
for kvariant in ""  ; do
    /usr/bin/cp -a cifs-1.45 _kmod_build_kvariant
done
echo "/usr/lib/rpm/redhat/find-requires | /usr/bin/sed -e '/^ksym.*/d'" > filter-requires.sh
echo "override cifs * weak-updates/cifs" > kmod-cifs.conf

exit 0